<?xml version="1.0" encoding="UTF-8"?>
<!-- Generated by org.testng.reporters.JUnitReportReporter -->
<testsuite hostname="HP-PC" failures="0" tests="3" name="TestNG_Practices.groupTestCase" time="0.055" errors="0" timestamp="2020-05-03T13:12:18 IST" skipped="0">
  <testcase classname="TestNG_Practices.groupTestCase" name="Test1" time="0.045"/>
  <system-out/>
  <testcase classname="TestNG_Practices.groupTestCase" name="Test5" time="0.004"/>
  <system-out/>
  <testcase classname="TestNG_Practices.groupTestCase" name="Test3" time="0.006"/>
  <system-out/>
</testsuite> <!-- TestNG_Practices.groupTestCase -->
